2025-02-16 15:14:56.686: [INFO] VisibilityChanged: 0
2025-02-16 15:14:56.721: [INFO] RecordSyncInitDurationhas_sync_been_enabled: 0 state: 0
2025-02-16 15:14:56.722: [INFO] RecordSyncInitDurationhas_sync_been_enabled: 0 state: 0
2025-02-16 15:14:56.722: [INFO] RecordSyncInitDurationhas_sync_been_enabled: 0 state: 0
2025-02-16 15:14:56.723: [INFO] RecordSyncInitDurationhas_sync_been_enabled: 0 state: 0
2025-02-16 15:14:56.724: [INFO] RecordSyncInitDurationhas_sync_been_enabled: 0 state: 0
2025-02-16 15:14:56.724: [INFO] RecordSyncInitDurationhas_sync_been_enabled: 0 state: 0
2025-02-16 15:14:56.725: [INFO] RecordSyncInitDurationhas_sync_been_enabled: 0 state: 0
2025-02-16 15:14:56.726: [INFO] RecordSyncInitDurationhas_sync_been_enabled: 0 state: 0
2025-02-16 15:14:56.727: [INFO] RecordSyncInitDurationhas_sync_been_enabled: 0 state: 0
2025-02-16 15:14:56.727: [INFO] RecordSyncInitDurationhas_sync_been_enabled: 0 state: 0
2025-02-16 15:14:56.728: [INFO] RecordSyncInitDurationhas_sync_been_enabled: 0 state: 0
2025-02-16 15:14:56.743: [INFO] BookmarkModelLoaded, ids_reassigned: 0
2025-02-16 15:14:56.743: [INFO] BookmarkNodeAdded, ABU: 0
2025-02-16 15:14:56.743: [INFO] BookmarkNodeAdded, ABU: 0
2025-02-16 15:14:56.744: [INFO] BookmarkNodeAdded, ABU: 0
2025-02-16 15:14:56.744: [INFO] OnDoneLoading sync enabled: 0
2025-02-16 15:14:56.751: [INFO] RecordSyncInitDurationhas_sync_been_enabled: 0 state: 0
2025-02-16 15:14:57.497: [INFO] Primary account changed.
2025-02-16 15:14:57.497: [INFO] OnPrimaryAccountChangedPrimaryAccountChangeEvent::Type::kSet
2025-02-16 15:14:57.499: [INFO] RecordSyncInitDurationhas_sync_been_enabled: 0 state: 0
2025-02-16 15:14:57.501: [INFO] RecordSyncInitDurationhas_sync_been_enabled: 0 state: 0
2025-02-16 15:14:57.501: [INFO] RecordSyncInitDurationhas_sync_been_enabled: 0 state: 0
